<?xml version="1.0" encoding="UTF-8"?>
<testsuite xmlns:xsi="http://www.w3.org/2001/XMLSchema-instance" xsi:noNamespaceSchemaLocation="https://maven.apache.org/surefire/maven-surefire-plugin/xsd/surefire-test-report-3.0.xsd" version="3.0" name="com.vandelvan.GreetingResourceTest" time="9.548" tests="1" errors="0" skipped="0" failures="0">
  <properties>
[...]
</properties>
  <testcase name="testHelloEndpoint" classname="com.vandelvan.GreetingResourceTest" time="1.961">
    <system-out><![CDATA[2022-10-16 20:09:45,862 INFO  [io.quarkus] (main) microprofile-ft 1.0.0-SNAPSHOT on JVM (powered by Quarkus 2.13.2.Final) started in 3.784s. Listening on: http://localhost:8081
2022-10-16 20:09:45,866 INFO  [io.quarkus] (main) Profile test activated. 
2022-10-16 20:09:45,866 INFO  [io.quarkus] (main) Installed features: [cdi, resteasy, resteasy-jsonb, smallrye-context-propagation, smallrye-fault-tolerance, vertx]
]]></system-out>
  </testcase>
</testsuite>